D:\STUDY HUB\PROJECTS\SIGN LANGUAGE\VSL READER\VSL READER\DEBUG\VSL READER.BSC
D:\STUDY HUB\PROJECTS\SIGN LANGUAGE\VSL READER\VSL READER\VSL READER\DEBUG\VSL READER.PCH
D:\STUDY HUB\PROJECTS\SIGN LANGUAGE\VSL READER\VSL READER\VSL READER\DEBUG\STDAFX.SBR
D:\STUDY HUB\PROJECTS\SIGN LANGUAGE\VSL READER\VSL READER\VSL READER\DEBUG\STDAFX.OBJ
D:\STUDY HUB\PROJECTS\SIGN LANGUAGE\VSL READER\VSL READER\VSL READER\DEBUG\VC110.PDB
D:\STUDY HUB\PROJECTS\SIGN LANGUAGE\VSL READER\VSL READER\VSL READER\DEBUG\VSLSTREAMRENDER.SBR
D:\STUDY HUB\PROJECTS\SIGN LANGUAGE\VSL READER\VSL READER\VSL READER\DEBUG\VSLSEGMENTATION.SBR
D:\STUDY HUB\PROJECTS\SIGN LANGUAGE\VSL READER\VSL READER\VSL READER\DEBUG\VSLLIGHTPRO.SBR
D:\STUDY HUB\PROJECTS\SIGN LANGUAGE\VSL READER\VSL READER\VSL READER\DEBUG\VSLHANDSPACE.SBR
D:\STUDY HUB\PROJECTS\SIGN LANGUAGE\VSL READER\VSL READER\VSL READER\DEBUG\VSLHANDFUNCTIONS.SBR
D:\STUDY HUB\PROJECTS\SIGN LANGUAGE\VSL READER\VSL READER\VSL READER\DEBUG\VSLHANDFEATURE.SBR
D:\STUDY HUB\PROJECTS\SIGN LANGUAGE\VSL READER\VSL READER\VSL READER\DEBUG\VSLFDA.SBR
D:\STUDY HUB\PROJECTS\SIGN LANGUAGE\VSL READER\VSL READER\VSL READER\DEBUG\VSL READERDLG.SBR
D:\STUDY HUB\PROJECTS\SIGN LANGUAGE\VSL READER\VSL READER\VSL READER\DEBUG\VSL READER.SBR
D:\STUDY HUB\PROJECTS\SIGN LANGUAGE\VSL READER\VSL READER\VSL READER\DEBUG\SUBFUNCTIONS.SBR
D:\STUDY HUB\PROJECTS\SIGN LANGUAGE\VSL READER\VSL READER\VSL READER\DEBUG\GABOR.SBR
D:\STUDY HUB\PROJECTS\SIGN LANGUAGE\VSL READER\VSL READER\VSL READER\DEBUG\GABOR.OBJ
D:\STUDY HUB\PROJECTS\SIGN LANGUAGE\VSL READER\VSL READER\VSL READER\DEBUG\SUBFUNCTIONS.OBJ
D:\STUDY HUB\PROJECTS\SIGN LANGUAGE\VSL READER\VSL READER\VSL READER\DEBUG\VSL READER.OBJ
D:\STUDY HUB\PROJECTS\SIGN LANGUAGE\VSL READER\VSL READER\VSL READER\DEBUG\VSL READERDLG.OBJ
D:\STUDY HUB\PROJECTS\SIGN LANGUAGE\VSL READER\VSL READER\VSL READER\DEBUG\VSLFDA.OBJ
D:\STUDY HUB\PROJECTS\SIGN LANGUAGE\VSL READER\VSL READER\VSL READER\DEBUG\VSLHANDFEATURE.OBJ
D:\STUDY HUB\PROJECTS\SIGN LANGUAGE\VSL READER\VSL READER\VSL READER\DEBUG\VSLHANDFUNCTIONS.OBJ
D:\STUDY HUB\PROJECTS\SIGN LANGUAGE\VSL READER\VSL READER\VSL READER\DEBUG\VSLHANDSPACE.OBJ
D:\STUDY HUB\PROJECTS\SIGN LANGUAGE\VSL READER\VSL READER\VSL READER\DEBUG\VSLLIGHTPRO.OBJ
D:\STUDY HUB\PROJECTS\SIGN LANGUAGE\VSL READER\VSL READER\VSL READER\DEBUG\VSLSEGMENTATION.OBJ
D:\STUDY HUB\PROJECTS\SIGN LANGUAGE\VSL READER\VSL READER\VSL READER\DEBUG\VSLSTREAMRENDER.OBJ
D:\STUDY HUB\PROJECTS\SIGN LANGUAGE\VSL READER\VSL READER\DEBUG\VSL READER.ILK
D:\STUDY HUB\PROJECTS\SIGN LANGUAGE\VSL READER\VSL READER\DEBUG\VSL READER.EXE
D:\STUDY HUB\PROJECTS\SIGN LANGUAGE\VSL READER\VSL READER\DEBUG\VSL READER.PDB
D:\STUDY HUB\PROJECTS\SIGN LANGUAGE\VSL READER\VSL READER\VSL READER\DEBUG\VSL READER.RES
D:\Study hub\Projects\Sign Language\VSL Reader\VSL Reader\VSL Reader\Debug\Gabor.obj
D:\Study hub\Projects\Sign Language\VSL Reader\VSL Reader\VSL Reader\Debug\stdafx.obj
D:\Study hub\Projects\Sign Language\VSL Reader\VSL Reader\VSL Reader\Debug\SubFunctions.obj
D:\Study hub\Projects\Sign Language\VSL Reader\VSL Reader\VSL Reader\Debug\VSL Reader.obj
D:\Study hub\Projects\Sign Language\VSL Reader\VSL Reader\VSL Reader\Debug\VSL ReaderDlg.obj
D:\Study hub\Projects\Sign Language\VSL Reader\VSL Reader\VSL Reader\Debug\VSLFDA.obj
D:\Study hub\Projects\Sign Language\VSL Reader\VSL Reader\VSL Reader\Debug\VSLHandFeature.obj
D:\Study hub\Projects\Sign Language\VSL Reader\VSL Reader\VSL Reader\Debug\VSLHandFunctions.obj
D:\Study hub\Projects\Sign Language\VSL Reader\VSL Reader\VSL Reader\Debug\VSLHandSpace.obj
D:\Study hub\Projects\Sign Language\VSL Reader\VSL Reader\VSL Reader\Debug\VSLLightPro.obj
D:\Study hub\Projects\Sign Language\VSL Reader\VSL Reader\VSL Reader\Debug\VSLSegmentation.obj
D:\Study hub\Projects\Sign Language\VSL Reader\VSL Reader\VSL Reader\Debug\VSLStreamRender.obj
D:\Study hub\Projects\Sign Language\VSL Reader\VSL Reader\VSL Reader\Debug\BscMake.command.1.tlog
D:\Study hub\Projects\Sign Language\VSL Reader\VSL Reader\VSL Reader\Debug\bscmake.read.1.tlog
D:\Study hub\Projects\Sign Language\VSL Reader\VSL Reader\VSL Reader\Debug\BscMake.write.1.tlog
D:\Study hub\Projects\Sign Language\VSL Reader\VSL Reader\VSL Reader\Debug\cl.command.1.tlog
D:\Study hub\Projects\Sign Language\VSL Reader\VSL Reader\VSL Reader\Debug\CL.read.1.tlog
D:\Study hub\Projects\Sign Language\VSL Reader\VSL Reader\VSL Reader\Debug\CL.write.1.tlog
D:\Study hub\Projects\Sign Language\VSL Reader\VSL Reader\VSL Reader\Debug\link-cvtres.read.1.tlog
D:\Study hub\Projects\Sign Language\VSL Reader\VSL Reader\VSL Reader\Debug\link-cvtres.write.1.tlog
D:\Study hub\Projects\Sign Language\VSL Reader\VSL Reader\VSL Reader\Debug\link-mt.read.1.tlog
D:\Study hub\Projects\Sign Language\VSL Reader\VSL Reader\VSL Reader\Debug\link-mt.write.1.tlog
D:\Study hub\Projects\Sign Language\VSL Reader\VSL Reader\VSL Reader\Debug\link-rc.read.1.tlog
D:\Study hub\Projects\Sign Language\VSL Reader\VSL Reader\VSL Reader\Debug\link-rc.write.1.tlog
D:\Study hub\Projects\Sign Language\VSL Reader\VSL Reader\VSL Reader\Debug\link.command.1.tlog
D:\Study hub\Projects\Sign Language\VSL Reader\VSL Reader\VSL Reader\Debug\link.read.1.tlog
D:\Study hub\Projects\Sign Language\VSL Reader\VSL Reader\VSL Reader\Debug\link.write.1.tlog
D:\Study hub\Projects\Sign Language\VSL Reader\VSL Reader\VSL Reader\Debug\rc.command.1.tlog
D:\Study hub\Projects\Sign Language\VSL Reader\VSL Reader\VSL Reader\Debug\rc.read.1.tlog
D:\Study hub\Projects\Sign Language\VSL Reader\VSL Reader\VSL Reader\Debug\rc.write.1.tlog
D:\Study hub\Projects\Sign Language\VSL Reader\VSL Reader\VSL Reader\Debug\VSL Reader.res
D:\Study hub\Projects\Sign Language\VSL Reader\VSL Reader\VSL Reader\Debug\VSL Reader.pch
D:\Study hub\Projects\Sign Language\VSL Reader\VSL Reader\VSL Reader\Debug\vc110.idb
D:\Study hub\Projects\Sign Language\VSL Reader\VSL Reader\VSL Reader\Debug\vc110.pdb
D:\Study hub\Projects\Sign Language\VSL Reader\VSL Reader\VSL Reader\Debug\Gabor.sbr
D:\Study hub\Projects\Sign Language\VSL Reader\VSL Reader\VSL Reader\Debug\stdafx.sbr
D:\Study hub\Projects\Sign Language\VSL Reader\VSL Reader\VSL Reader\Debug\SubFunctions.sbr
D:\Study hub\Projects\Sign Language\VSL Reader\VSL Reader\VSL Reader\Debug\VSL Reader.sbr
D:\Study hub\Projects\Sign Language\VSL Reader\VSL Reader\VSL Reader\Debug\VSL ReaderDlg.sbr
D:\Study hub\Projects\Sign Language\VSL Reader\VSL Reader\VSL Reader\Debug\VSLFDA.sbr
D:\Study hub\Projects\Sign Language\VSL Reader\VSL Reader\VSL Reader\Debug\VSLHandFeature.sbr
D:\Study hub\Projects\Sign Language\VSL Reader\VSL Reader\VSL Reader\Debug\VSLHandFunctions.sbr
D:\Study hub\Projects\Sign Language\VSL Reader\VSL Reader\VSL Reader\Debug\VSLHandSpace.sbr
D:\Study hub\Projects\Sign Language\VSL Reader\VSL Reader\VSL Reader\Debug\VSLLightPro.sbr
D:\Study hub\Projects\Sign Language\VSL Reader\VSL Reader\VSL Reader\Debug\VSLSegmentation.sbr
D:\Study hub\Projects\Sign Language\VSL Reader\VSL Reader\VSL Reader\Debug\VSLStreamRender.sbr
D:\Study hub\Projects\Sign Language\VSL Reader\VSL Reader\Debug\VSL Reader.pdb
D:\Study hub\Projects\Sign Language\VSL Reader\VSL Reader\Debug\VSL Reader.exe
D:\Study hub\Projects\Sign Language\VSL Reader\VSL Reader\Debug\VSL Reader.bsc
D:\Study hub\Projects\Sign Language\VSL Reader\VSL Reader\Debug\VSL Reader.ilk
